<?xml version="1.0" encoding="UTF-8"?>
<!-- Generated by org.testng.reporters.JUnitReportReporter -->
<testsuite hostname="I-YogeshK" failures="0" tests="2" name="keppelPackage.LoginPage" time="10.056" errors="0" timestamp="2019-12-30T05:51:01 CST" skipped="0">
  <testcase classname="keppelPackage.LoginPage" name="test_logout" time="2.079"/>
  <testcase classname="keppelPackage.LoginPage" name="test_Login" time="7.977"/>
</testsuite> <!-- keppelPackage.LoginPage -->
