<?xml version="1.0" encoding="UTF-8"?>
<!-- Generated by org.testng.reporters.JUnitReportReporter -->
<testsuite hostname="I-YogeshK" failures="0" tests="1" name="keppelPackage.AutoSuggestiveExample" time="0.566" errors="0" timestamp="2020-01-01T22:30:15 CST" skipped="0">
  <testcase classname="keppelPackage.AutoSuggestiveExample" name="Test1" time="0.566"/>
</testsuite> <!-- keppelPackage.AutoSuggestiveExample -->
