<?xml version="1.0" encoding="UTF-8"?>
<!-- Generated by org.testng.reporters.JUnitReportReporter -->
<testsuite hostname="I-YogeshK" failures="0" tests="3" name="keppelPackage.RadioButtonExample" time="1.147" errors="0" timestamp="2019-12-30T22:57:13 CST" skipped="0">
  <testcase classname="keppelPackage.RadioButtonExample" name="Test1" time="0.446"/>
  <testcase classname="keppelPackage.RadioButtonExample" name="Test2" time="0.362"/>
  <testcase classname="keppelPackage.RadioButtonExample" name="Test3" time="0.339"/>
</testsuite> <!-- keppelPackage.RadioButtonExample -->
